1666939021975	geckodriver	INFO	Listening on 127.0.0.1:56729
1666939024961	mozrunner::runner	INFO	Running command: "C:\\Program Files\\Mozilla Firefox\\firefox.exe" "--marionette" "-no-remote" "-profile" "C:\\Users\\lenovo\\AppData\\Local\\Temp\\rust_mozprofileWRGYM0"
1666939057012	geckodriver	INFO	Listening on 127.0.0.1:56802
1666939060011	mozrunner::runner	INFO	Running command: "C:\\Program Files\\Mozilla Firefox\\firefox.exe" "--marionette" "-no-remote" "-profile" "C:\\Users\\lenovo\\AppData\\Local\\Temp\\rust_mozprofilem6usIl"
1666939060880	Marionette	INFO	Marionette enabled
1666939060894	Marionette	INFO	Listening on port 56817
Read port: 56817
1666939061157	RemoteAgent	WARN	TLS certificate errors will be ignored for this session
console.warn: SearchSettings: "get: No settings file exists, new profile?" (new NotFoundError("Could not open the file at C:\\Users\\lenovo\\AppData\\Local\\Temp\\rust_mozprofilem6usIl\\search.json.mozlz4", (void 0)))
console.warn: LoginRecipes: "Falling back to a synchronous message for: https://mail.rediff.com."
console.warn: LoginRecipes: "Falling back to a synchronous message for: https://mail.rediff.com."
1666939071428	Marionette	WARN	Ignoring event 'DOMContentLoaded' because document has an invalid readyState of 'complete'.
1666939075739	Marionette	WARN	Ignoring event 'DOMContentLoaded' because document has an invalid readyState of 'complete'.
JavaScript warning: https://rock.defybrick.com/placement_invocation?id=65349&idx=0, line 1: WEBGL_debug_renderer_info is deprecated in Firefox and will be removed. Please use RENDERER.
1666939084467	Marionette	INFO	Stopped listening on port 56817
1666939174777	geckodriver	INFO	Listening on 127.0.0.1:56999
1666939177772	mozrunner::runner	INFO	Running command: "C:\\Program Files\\Mozilla Firefox\\firefox.exe" "--marionette" "-no-remote" "-profile" "C:\\Users\\lenovo\\AppData\\Local\\Temp\\rust_mozprofileZhAPQO"
1666939178687	Marionette	INFO	Marionette enabled
1666939178700	Marionette	INFO	Listening on port 57015
Read port: 57015
1666939178956	RemoteAgent	WARN	TLS certificate errors will be ignored for this session
console.warn: SearchSettings: "get: No settings file exists, new profile?" (new NotFoundError("Could not open the file at C:\\Users\\lenovo\\AppData\\Local\\Temp\\rust_mozprofileZhAPQO\\search.json.mozlz4", (void 0)))
console.warn: LoginRecipes: "Falling back to a synchronous message for: https://mail.rediff.com."
console.warn: LoginRecipes: "Falling back to a synchronous message for: https://mail.rediff.com."
1666939188041	Marionette	WARN	Ignoring event 'DOMContentLoaded' because document has an invalid readyState of 'complete'.
1666939200372	Marionette	INFO	Stopped listening on port 57015
1666939220298	geckodriver	INFO	Listening on 127.0.0.1:57133
1666939223294	mozrunner::runner	INFO	Running command: "C:\\Program Files\\Mozilla Firefox\\firefox.exe" "--marionette" "-no-remote" "-profile" "C:\\Users\\lenovo\\AppData\\Local\\Temp\\rust_mozprofileTBLZPr"
1666939224160	Marionette	INFO	Marionette enabled
1666939224173	Marionette	INFO	Listening on port 57148
Read port: 57148
1666939224443	RemoteAgent	WARN	TLS certificate errors will be ignored for this session
console.warn: SearchSettings: "get: No settings file exists, new profile?" (new NotFoundError("Could not open the file at C:\\Users\\lenovo\\AppData\\Local\\Temp\\rust_mozprofileTBLZPr\\search.json.mozlz4", (void 0)))
console.warn: LoginRecipes: "Falling back to a synchronous message for: https://mail.rediff.com."
console.warn: LoginRecipes: "Falling back to a synchronous message for: https://mail.rediff.com."
1666939237129	Marionette	WARN	Ignoring event 'DOMContentLoaded' because document has an invalid readyState of 'complete'.
JavaScript warning: https://rock.defybrick.com/placement_invocation?id=65349&idx=0, line 1: WEBGL_debug_renderer_info is deprecated in Firefox and will be removed. Please use RENDERER.
1666939242327	Marionette	WARN	Ignoring event 'DOMContentLoaded' because document has an invalid readyState of 'complete'.
1666939250498	Marionette	INFO	Stopped listening on port 57148
console.warn: services.settings: main/partitioning-exempt-urls sync interrupted by shutdown
[Parent 12748, IPC I/O Parent] WARNING: DuplicateHandle failed for handle 0 in TransferHandles: file /builds/worker/checkouts/gecko/ipc/chromium/src/chrome/common/ipc_channel_win.cc:746
[Parent 12748, IPC I/O Parent] WARNING: DuplicateHandle failed for handle 0 in TransferHandles: file /builds/worker/checkouts/gecko/ipc/chromium/src/chrome/common/ipc_channel_win.cc:746
1666940299952	geckodriver	INFO	Listening on 127.0.0.1:54731
1666940302956	mozrunner::runner	INFO	Running command: "C:\\Program Files\\Mozilla Firefox\\firefox.exe" "--marionette" "-no-remote" "-profile" "C:\\Users\\lenovo\\AppData\\Local\\Temp\\rust_mozprofilexxfWvV"
1666940303630	Marionette	INFO	Marionette enabled
1666940303640	Marionette	INFO	Listening on port 54753
Read port: 54753
1666940303899	RemoteAgent	WARN	TLS certificate errors will be ignored for this session
console.warn: SearchSettings: "get: No settings file exists, new profile?" (new NotFoundError("Could not open the file at C:\\Users\\lenovo\\AppData\\Local\\Temp\\rust_mozprofilexxfWvV\\search.json.mozlz4", (void 0)))
1666940312245	Marionette	INFO	Stopped listening on port 54753
1666940331804	geckodriver	INFO	Listening on 127.0.0.1:54806
1666940334794	mozrunner::runner	INFO	Running command: "C:\\Program Files\\Mozilla Firefox\\firefox.exe" "--marionette" "-no-remote" "-profile" "C:\\Users\\lenovo\\AppData\\Local\\Temp\\rust_mozprofileGsZWQa"
1666940335582	Marionette	INFO	Marionette enabled
1666940335598	Marionette	INFO	Listening on port 54821
Read port: 54821
1666940335914	RemoteAgent	WARN	TLS certificate errors will be ignored for this session
console.warn: SearchSettings: "get: No settings file exists, new profile?" (new NotFoundError("Could not open the file at C:\\Users\\lenovo\\AppData\\Local\\Temp\\rust_mozprofileGsZWQa\\search.json.mozlz4", (void 0)))
1666940362311	Marionette	INFO	Stopped listening on port 54821
[Parent 3188, IPC I/O Parent] WARNING: DuplicateHandle failed for handle 0 in TransferHandles: file /builds/worker/checkouts/gecko/ipc/chromium/src/chrome/common/ipc_channel_win.cc:746
